<?xml version="1.0" encoding="UTF-8"?>

<datasources xmlns:xsi="http://www.w3.org/2001/XMLSchema-instance"
             xsi:noNamespaceSchemaLocation="http://www.ironjacamar.org/schema/datasources_1_0.xsd">


    <datasource jndi-name="java:jboss/datasources/jpaworksDS" pool-name="projpa-war-pool" enabled="true"
                   use-java-context="true">

        <connection-url>jdbc:mysql://localhost:3306/jpaworks</connection-url>
        <driver>mysql-connector-java-5.1.36-bin.jar_com.mysql.jdbc.Driver_5_1</driver>
        <security>
            <user-name>jpaworks</user-name>
            <password>jpaworks</password>
        </security>

    </datasource>

</datasources>


